<?xml version="1.0" encoding="UTF-8"?>
<!-- Generated by org.testng.reporters.JUnitReportReporter -->
<testsuite hostname="LAPTOP-RK1IMJML" failures="0" tests="2" name="testCases.TC_002_LoginTest" time="23.916" errors="0" timestamp="2025-07-23T15:44:31 IST" skipped="0">
  <testcase classname="testCases.TC_002_LoginTest" name="verify_login" time="11.961"/>
  <testcase classname="testCases.TC_002_LoginTest" name="verify_login" time="11.955"/>
</testsuite> <!-- testCases.TC_002_LoginTest -->
