<?xml version="1.0" encoding="UTF-8"?>
<!-- Generated by org.testng.reporters.JUnitReportReporter -->
<testsuite hostname="LAPTOP-RK1IMJML" failures="0" tests="2" name="testCases.TC_001_AccountRegistrationTest" time="9.073" errors="0" timestamp="2025-07-23T15:44:31 IST" skipped="0">
  <testcase classname="testCases.TC_001_AccountRegistrationTest" name="verify_account_registration" time="4.475"/>
  <testcase classname="testCases.TC_001_AccountRegistrationTest" name="verify_account_registration" time="4.598"/>
</testsuite> <!-- testCases.TC_001_AccountRegistrationTest -->
